<?xml version="1.0" encoding="UTF-8"?>
<testsuite name="Cucumber" time="15.295" tests="21" skipped="0" failures="0" errors="0">
<testcase classname="Verifying the git data page" name="Verify the git data details" time="3.224">
<system-out><![CDATA[
Given User should login the page............................................passed
When User should get the responce...........................................passed
Then User should verify the responce........................................passed
]]></system-out>
</testcase>
<testcase classname="Verifying the git data page" name="Verify the git data details" time="1.524">
<system-out><![CDATA[
Given User should login the page............................................passed
When User should get the responce...........................................passed
Then User should verify the responce name...................................passed
]]></system-out>
</testcase>
<testcase classname="Verifying the git data page" name="Verify the git data details" time="0.467">
<system-out><![CDATA[
Given User should login the page............................................passed
When User should get the responce...........................................passed
Then User should verify the responce id.....................................passed
]]></system-out>
</testcase>
<testcase classname="Verifying the git data page" name="Verify the git data details" time="0.449">
<system-out><![CDATA[
Given User should login the page............................................passed
When User should get the responce...........................................passed
Then User should verify the private.........................................passed
]]></system-out>
</testcase>
<testcase classname="Verifying the git data page" name="Verify the git data details" time="0.537">
<system-out><![CDATA[
Given User should login the page............................................passed
When User should get the responce...........................................passed
Then User should verify the fullname........................................passed
]]></system-out>
</testcase>
<testcase classname="Verifying the git data page" name="Verify the git create details" time="1.032">
<system-out><![CDATA[
Given User should login the page s..........................................passed
When User should create the responce........................................passed
Then User should verify the create reponce..................................passed
]]></system-out>
</testcase>
<testcase classname="Verifying the git data page" name="Verify the git create details" time="0.415">
<system-out><![CDATA[
Given User should get the page s............................................passed
When User should create get the responce....................................passed
]]></system-out>
</testcase>
<testcase classname="Verifying the git data page" name="Verify the git create details" time="0.436">
<system-out><![CDATA[
Given User should get the page s............................................passed
When User should create get the responce....................................passed
Then User should verify the get reponce.....................................passed
]]></system-out>
</testcase>
<testcase classname="Verifying the git data page" name="Verify the git create details" time="0.458">
<system-out><![CDATA[
Given User should get the page s............................................passed
When User should create get the responce....................................passed
Then User should verify the created reponce name............................passed
]]></system-out>
</testcase>
<testcase classname="Verifying the git data page" name="Verify the git create details" time="0.439">
<system-out><![CDATA[
Given User should get the page s............................................passed
When User should create get the responce....................................passed
Then User should verify the create reponce private..........................passed
]]></system-out>
</testcase>
<testcase classname="Verifying the git data page" name="Verify the git create details" time="0.446">
<system-out><![CDATA[
Given User should get the page s............................................passed
When User should create get the responce....................................passed
Then User should verify the create reponce fullname.........................passed
]]></system-out>
</testcase>
<testcase classname="Verifying the git data page" name="Verify the git create details" time="0.439">
<system-out><![CDATA[
Given User should get the page s............................................passed
When User should create get the responce....................................passed
Then User should verify the create avatar_url...............................passed
]]></system-out>
</testcase>
<testcase classname="Verifying the git data page" name="verify the created webhook" time="0.5">
<system-out><![CDATA[
Given User should get create the webhook....................................passed
When User should send the post request......................................passed
Then User should verify the responce code...................................passed
]]></system-out>
</testcase>
<testcase classname="Verifying the git data page" name="Verify the patch create details" time="0.835">
<system-out><![CDATA[
Given User should patch the name............................................passed
When User should create patch the responce..................................passed
]]></system-out>
</testcase>
<testcase classname="Verifying the git data page" name="Verify the patch create details" time="0.429">
<system-out><![CDATA[
Given User should  get patch the name.......................................passed
When User should get patch the responce.....................................passed
Then User should verify the responce of patch...............................passed
]]></system-out>
</testcase>
<testcase classname="Verifying the git data page" name="Verify the patch create details" time="0.489">
<system-out><![CDATA[
Given User should  get patch the name.......................................passed
When User should get patch the responce.....................................passed
Then User should verify the responce of patch name..........................passed
]]></system-out>
</testcase>
<testcase classname="Verifying the git data page" name="Verify the patch create details" time="0.451">
<system-out><![CDATA[
Given User should  get patch the name.......................................passed
When User should get patch the responce.....................................passed
Then User should verify the responce of patch avatarurl.....................passed
]]></system-out>
</testcase>
<testcase classname="Verifying the git data page" name="Verify the patch create details" time="0.487">
<system-out><![CDATA[
Given User should  get patch the name.......................................passed
When User should get patch the responce.....................................passed
Then User should verify the responce of patch fullname......................passed
]]></system-out>
</testcase>
<testcase classname="Verifying the git data page" name="Verify the patch create details" time="0.473">
<system-out><![CDATA[
Given User should  get patch the name.......................................passed
When User should get patch the responce.....................................passed
Then User should verify the responce of patch path..........................passed
]]></system-out>
</testcase>
<testcase classname="Verifying the git data page" name="Verify the delete create details" time="0.562">
<system-out><![CDATA[
Given User should  delete the name..........................................passed
When User should get delete the responce....................................passed
Then User should verify the delete code.....................................passed
]]></system-out>
</testcase>
<testcase classname="Verifying the git data page" name="Verify the delete details" time="0.358">
<system-out><![CDATA[
Given User should  get deleted the name.....................................passed
When User should get deleted the responce...................................passed
Then User should verify the responce of deleted.............................passed
]]></system-out>
</testcase>
</testsuite>
