<?xml version="1.0" encoding="UTF-8" ?>
<testsuite tests="21" failures="17" name="org.runnerClass.RunnerClass" time="11.344" errors="2" skipped="0">
  <properties>
[...]
</properties>
  <testcase classname="Verifying the git data page" name="Verify the git data details #1" time="3.003">
    <failure message="expected:&lt;200&gt; but was:&lt;401&gt;" type="java.lang.AssertionError">java.lang.AssertionError: expected:&lt;200&gt; but was:&lt;401&gt;
	at org.junit.Assert.fail(Assert.java:89)
	at org.junit.Assert.failNotEquals(Assert.java:835)
	at org.junit.Assert.assertEquals(Assert.java:647)
	at org.junit.Assert.assertEquals(Assert.java:633)
	at org.stepDefinition.StepDefinition.user_should_verify_the_responce(StepDefinition.java:43)
	at ✽.User should verify the responce(file:///C:/Users/VDI022/eclipse-workspace/RestAPI/src/test/resources/feature/GitHub.feature:6)
</failure>
    <system-out>{
    &quot;message&quot;: &quot;Bad credentials&quot;,
    &quot;documentation_url&quot;: &quot;https://docs.github.com/rest&quot;
}
401
</system-out>
  </testcase>
  <testcase classname="Verifying the git data page" name="Verify the git data details #2" time="1.201">
    <failure message="expected:&lt;null&gt; but was:&lt;false&gt;" type="java.lang.AssertionError">java.lang.AssertionError: expected:&lt;null&gt; but was:&lt;false&gt;
	at org.junit.Assert.fail(Assert.java:89)
	at org.junit.Assert.failNotEquals(Assert.java:835)
	at org.junit.Assert.assertEquals(Assert.java:120)
	at org.junit.Assert.assertEquals(Assert.java:146)
	at org.stepDefinition.StepDefinition.user_should_verify_the_responce_name(StepDefinition.java:58)
	at ✽.User should verify the responce name(file:///C:/Users/VDI022/eclipse-workspace/RestAPI/src/test/resources/feature/GitHub.feature:11)
</failure>
    <system-out>{
    &quot;message&quot;: &quot;Bad credentials&quot;,
    &quot;documentation_url&quot;: &quot;https://docs.github.com/rest&quot;
}
null
</system-out>
  </testcase>
  <testcase classname="Verifying the git data page" name="Verify the git data details #3" time="0.415">
    <error message="Cannot invoke &quot;java.lang.Integer.intValue()&quot; because the return value of &quot;io.restassured.internal.common.path.ObjectConverter.convertObjectTo(Object, java.lang.Class)&quot; is null" type="java.lang.NullPointerException">java.lang.NullPointerException: Cannot invoke &quot;java.lang.Integer.intValue()&quot; because the return value of &quot;io.restassured.internal.common.path.ObjectConverter.convertObjectTo(Object, java.lang.Class)&quot; is null
	at io.restassured.path.json.JsonPath.getInt(JsonPath.java:245)
	at org.stepDefinition.StepDefinition.user_should_verify_the_responce_id(StepDefinition.java:49)
	at ✽.User should verify the responce id(file:///C:/Users/VDI022/eclipse-workspace/RestAPI/src/test/resources/feature/GitHub.feature:16)
</error>
    <system-out>{
    &quot;message&quot;: &quot;Bad credentials&quot;,
    &quot;documentation_url&quot;: &quot;https://docs.github.com/rest&quot;
}
</system-out>
  </testcase>
  <testcase classname="Verifying the git data page" name="Verify the git data details #4" time="0.382">
    <failure message="expected:&lt;null&gt; but was:&lt;Testcases&gt;" type="java.lang.AssertionError">java.lang.AssertionError: expected:&lt;null&gt; but was:&lt;Testcases&gt;
	at org.junit.Assert.fail(Assert.java:89)
	at org.junit.Assert.failNotEquals(Assert.java:835)
	at org.junit.Assert.assertEquals(Assert.java:120)
	at org.junit.Assert.assertEquals(Assert.java:146)
	at org.stepDefinition.StepDefinition.user_should_verify_the_private(StepDefinition.java:65)
	at ✽.User should verify the private(file:///C:/Users/VDI022/eclipse-workspace/RestAPI/src/test/resources/feature/GitHub.feature:21)
</failure>
    <system-out>{
    &quot;message&quot;: &quot;Bad credentials&quot;,
    &quot;documentation_url&quot;: &quot;https://docs.github.com/rest&quot;
}
null
</system-out>
  </testcase>
  <testcase classname="Verifying the git data page" name="Verify the git data details #5" time="0.394">
    <failure message="expected:&lt;null&gt; but was:&lt;kavin1995/Testcases&gt;" type="java.lang.AssertionError">java.lang.AssertionError: expected:&lt;null&gt; but was:&lt;kavin1995/Testcases&gt;
	at org.junit.Assert.fail(Assert.java:89)
	at org.junit.Assert.failNotEquals(Assert.java:835)
	at org.junit.Assert.assertEquals(Assert.java:120)
	at org.junit.Assert.assertEquals(Assert.java:146)
	at org.stepDefinition.StepDefinition.user_should_verify_the_fullname(StepDefinition.java:72)
	at ✽.User should verify the fullname(file:///C:/Users/VDI022/eclipse-workspace/RestAPI/src/test/resources/feature/GitHub.feature:26)
</failure>
    <system-out>{
    &quot;message&quot;: &quot;Bad credentials&quot;,
    &quot;documentation_url&quot;: &quot;https://docs.github.com/rest&quot;
}
null
</system-out>
  </testcase>
  <testcase classname="Verifying the git data page" name="Verify the git create details #1" time="0.396">
    <error message="Cannot invoke &quot;String.length()&quot; because &quot;str&quot; is null" type="java.lang.NullPointerException">java.lang.NullPointerException: Cannot invoke &quot;String.length()&quot; because &quot;str&quot; is null
	at java.base/java.io.Writer.write(Writer.java:249)
	at org.stepDefinition.StepDefinition.user_should_verify_the_create_reponce(StepDefinition.java:94)
	at ✽.User should verify the create reponce(file:///C:/Users/VDI022/eclipse-workspace/RestAPI/src/test/resources/feature/GitHub.feature:31)
</error>
    <system-out>{
    &quot;message&quot;: &quot;Bad credentials&quot;,
    &quot;documentation_url&quot;: &quot;https://docs.github.com/rest&quot;
}
</system-out>
  </testcase>
  <testcase classname="Verifying the git data page" name="Verify the git create details #2" time="0.338"/>
  <testcase classname="Verifying the git data page" name="Verify the git create details #3" time="0.37">
    <failure message="expected:&lt;200&gt; but was:&lt;401&gt;" type="java.lang.AssertionError">java.lang.AssertionError: expected:&lt;200&gt; but was:&lt;401&gt;
	at org.junit.Assert.fail(Assert.java:89)
	at org.junit.Assert.failNotEquals(Assert.java:835)
	at org.junit.Assert.assertEquals(Assert.java:647)
	at org.junit.Assert.assertEquals(Assert.java:633)
	at org.stepDefinition.StepDefinition.user_should_verify_the_get_reponce(StepDefinition.java:121)
	at ✽.User should verify the get reponce(file:///C:/Users/VDI022/eclipse-workspace/RestAPI/src/test/resources/feature/GitHub.feature:40)
</failure>
    <system-out>401
</system-out>
  </testcase>
  <testcase classname="Verifying the git data page" name="Verify the git create details #4" time="0.387">
    <failure message="expected:&lt;Rest&gt; but was:&lt;null&gt;" type="java.lang.AssertionError">java.lang.AssertionError: expected:&lt;Rest&gt; but was:&lt;null&gt;
	at org.junit.Assert.fail(Assert.java:89)
	at org.junit.Assert.failNotEquals(Assert.java:835)
	at org.junit.Assert.assertEquals(Assert.java:120)
	at org.junit.Assert.assertEquals(Assert.java:146)
	at org.stepDefinition.StepDefinition.user_should_verify_the_created_reponce_name(StepDefinition.java:128)
	at ✽.User should verify the created reponce name(file:///C:/Users/VDI022/eclipse-workspace/RestAPI/src/test/resources/feature/GitHub.feature:45)
</failure>
    <system-out>null
</system-out>
  </testcase>
  <testcase classname="Verifying the git data page" name="Verify the git create details #5" time="0.383">
    <failure message="expected:&lt;false&gt; but was:&lt;null&gt;" type="java.lang.AssertionError">java.lang.AssertionError: expected:&lt;false&gt; but was:&lt;null&gt;
	at org.junit.Assert.fail(Assert.java:89)
	at org.junit.Assert.failNotEquals(Assert.java:835)
	at org.junit.Assert.assertEquals(Assert.java:120)
	at org.junit.Assert.assertEquals(Assert.java:146)
	at org.stepDefinition.StepDefinition.user_should_verify_the_create_reponce_private(StepDefinition.java:135)
	at ✽.User should verify the create reponce private(file:///C:/Users/VDI022/eclipse-workspace/RestAPI/src/test/resources/feature/GitHub.feature:50)
</failure>
    <system-out>null
</system-out>
  </testcase>
  <testcase classname="Verifying the git data page" name="Verify the git create details #6" time="0.359">
    <failure message="expected:&lt;null&gt; but was:&lt;kavin1995/Rest&gt;" type="java.lang.AssertionError">java.lang.AssertionError: expected:&lt;null&gt; but was:&lt;kavin1995/Rest&gt;
	at org.junit.Assert.fail(Assert.java:89)
	at org.junit.Assert.failNotEquals(Assert.java:835)
	at org.junit.Assert.assertEquals(Assert.java:120)
	at org.junit.Assert.assertEquals(Assert.java:146)
	at org.stepDefinition.StepDefinition.user_should_verify_the_create_reponce_fullname(StepDefinition.java:142)
	at ✽.User should verify the create reponce fullname(file:///C:/Users/VDI022/eclipse-workspace/RestAPI/src/test/resources/feature/GitHub.feature:55)
</failure>
    <system-out>null
</system-out>
  </testcase>
  <testcase classname="Verifying the git data page" name="Verify the git create details #7" time="0.417">
    <failure message="expected:&lt;null&gt; but was:&lt;https://avatars.githubusercontent.com/u/127470271?v=4&gt;" type="java.lang.AssertionError">java.lang.AssertionError: expected:&lt;null&gt; but was:&lt;https://avatars.githubusercontent.com/u/127470271?v=4&gt;
	at org.junit.Assert.fail(Assert.java:89)
	at org.junit.Assert.failNotEquals(Assert.java:835)
	at org.junit.Assert.assertEquals(Assert.java:120)
	at org.junit.Assert.assertEquals(Assert.java:146)
	at org.stepDefinition.StepDefinition.user_should_verify_the_create_avatar_url(StepDefinition.java:149)
	at ✽.User should verify the create avatar_url(file:///C:/Users/VDI022/eclipse-workspace/RestAPI/src/test/resources/feature/GitHub.feature:60)
</failure>
    <system-out>null
</system-out>
  </testcase>
  <testcase classname="Verifying the git data page" name="verify the created webhook" time="0.379">
    <failure message="expected:&lt;201&gt; but was:&lt;401&gt;" type="java.lang.AssertionError">java.lang.AssertionError: expected:&lt;201&gt; but was:&lt;401&gt;
	at org.junit.Assert.fail(Assert.java:89)
	at org.junit.Assert.failNotEquals(Assert.java:835)
	at org.junit.Assert.assertEquals(Assert.java:647)
	at org.junit.Assert.assertEquals(Assert.java:633)
	at org.stepDefinition.StepDefinition.user_should_verify_the_responce_code(StepDefinition.java:275)
	at ✽.User should verify the responce code(file:///C:/Users/VDI022/eclipse-workspace/RestAPI/src/test/resources/feature/GitHub.feature:65)
</failure>
    <system-out>repon in webhook = null
401
</system-out>
  </testcase>
  <testcase classname="Verifying the git data page" name="Verify the patch create details #1" time="0.355"/>
  <testcase classname="Verifying the git data page" name="Verify the patch create details #2" time="0.358">
    <failure message="expected:&lt;200&gt; but was:&lt;401&gt;" type="java.lang.AssertionError">java.lang.AssertionError: expected:&lt;200&gt; but was:&lt;401&gt;
	at org.junit.Assert.fail(Assert.java:89)
	at org.junit.Assert.failNotEquals(Assert.java:835)
	at org.junit.Assert.assertEquals(Assert.java:647)
	at org.junit.Assert.assertEquals(Assert.java:633)
	at org.stepDefinition.StepDefinition.user_should_verify_the_responce_of_patch(StepDefinition.java:182)
	at ✽.User should verify the responce of patch(file:///C:/Users/VDI022/eclipse-workspace/RestAPI/src/test/resources/feature/GitHub.feature:74)
</failure>
    <system-out>{
    &quot;message&quot;: &quot;Bad credentials&quot;,
    &quot;documentation_url&quot;: &quot;https://docs.github.com/rest&quot;
}
401
</system-out>
  </testcase>
  <testcase classname="Verifying the git data page" name="Verify the patch create details #3" time="0.361">
    <failure message="expected:&lt;APIRest&gt; but was:&lt;null&gt;" type="java.lang.AssertionError">java.lang.AssertionError: expected:&lt;APIRest&gt; but was:&lt;null&gt;
	at org.junit.Assert.fail(Assert.java:89)
	at org.junit.Assert.failNotEquals(Assert.java:835)
	at org.junit.Assert.assertEquals(Assert.java:120)
	at org.junit.Assert.assertEquals(Assert.java:146)
	at org.stepDefinition.StepDefinition.user_should_verify_the_responce_of_patch_name(StepDefinition.java:189)
	at ✽.User should verify the responce of patch name(file:///C:/Users/VDI022/eclipse-workspace/RestAPI/src/test/resources/feature/GitHub.feature:79)
</failure>
    <system-out>{
    &quot;message&quot;: &quot;Bad credentials&quot;,
    &quot;documentation_url&quot;: &quot;https://docs.github.com/rest&quot;
}
null
</system-out>
  </testcase>
  <testcase classname="Verifying the git data page" name="Verify the patch create details #4" time="0.395">
    <failure message="expected:&lt;https://avatars.githubusercontent.com/u/127470271?v=4&gt; but was:&lt;null&gt;" type="java.lang.AssertionError">java.lang.AssertionError: expected:&lt;https://avatars.githubusercontent.com/u/127470271?v=4&gt; but was:&lt;null&gt;
	at org.junit.Assert.fail(Assert.java:89)
	at org.junit.Assert.failNotEquals(Assert.java:835)
	at org.junit.Assert.assertEquals(Assert.java:120)
	at org.junit.Assert.assertEquals(Assert.java:146)
	at org.stepDefinition.StepDefinition.user_should_verify_the_responce_of_patch_avatarurl(StepDefinition.java:197)
	at ✽.User should verify the responce of patch avatarurl(file:///C:/Users/VDI022/eclipse-workspace/RestAPI/src/test/resources/feature/GitHub.feature:84)
</failure>
    <system-out>{
    &quot;message&quot;: &quot;Bad credentials&quot;,
    &quot;documentation_url&quot;: &quot;https://docs.github.com/rest&quot;
}
null
</system-out>
  </testcase>
  <testcase classname="Verifying the git data page" name="Verify the patch create details #5" time="0.374">
    <failure message="expected:&lt;kavin1995/APIRest&gt; but was:&lt;null&gt;" type="java.lang.AssertionError">java.lang.AssertionError: expected:&lt;kavin1995/APIRest&gt; but was:&lt;null&gt;
	at org.junit.Assert.fail(Assert.java:89)
	at org.junit.Assert.failNotEquals(Assert.java:835)
	at org.junit.Assert.assertEquals(Assert.java:120)
	at org.junit.Assert.assertEquals(Assert.java:146)
	at org.stepDefinition.StepDefinition.user_should_verify_the_responce_of_patch_fullname(StepDefinition.java:204)
	at ✽.User should verify the responce of patch fullname(file:///C:/Users/VDI022/eclipse-workspace/RestAPI/src/test/resources/feature/GitHub.feature:89)
</failure>
    <system-out>{
    &quot;message&quot;: &quot;Bad credentials&quot;,
    &quot;documentation_url&quot;: &quot;https://docs.github.com/rest&quot;
}
null
</system-out>
  </testcase>
  <testcase classname="Verifying the git data page" name="Verify the patch create details #6" time="0.38">
    <failure message="expected:&lt;https://github.com/kavin1995&gt; but was:&lt;null&gt;" type="java.lang.AssertionError">java.lang.AssertionError: expected:&lt;https://github.com/kavin1995&gt; but was:&lt;null&gt;
	at org.junit.Assert.fail(Assert.java:89)
	at org.junit.Assert.failNotEquals(Assert.java:835)
	at org.junit.Assert.assertEquals(Assert.java:120)
	at org.junit.Assert.assertEquals(Assert.java:146)
	at org.stepDefinition.StepDefinition.user_should_verify_the_responce_of_patch_path(StepDefinition.java:211)
	at ✽.User should verify the responce of patch path(file:///C:/Users/VDI022/eclipse-workspace/RestAPI/src/test/resources/feature/GitHub.feature:94)
</failure>
    <system-out>{
    &quot;message&quot;: &quot;Bad credentials&quot;,
    &quot;documentation_url&quot;: &quot;https://docs.github.com/rest&quot;
}
null
</system-out>
  </testcase>
  <testcase classname="Verifying the git data page" name="Verify the delete create details" time="0.371">
    <failure message="expected:&lt;204&gt; but was:&lt;401&gt;" type="java.lang.AssertionError">java.lang.AssertionError: expected:&lt;204&gt; but was:&lt;401&gt;
	at org.junit.Assert.fail(Assert.java:89)
	at org.junit.Assert.failNotEquals(Assert.java:835)
	at org.junit.Assert.assertEquals(Assert.java:647)
	at org.junit.Assert.assertEquals(Assert.java:633)
	at org.stepDefinition.StepDefinition.user_should_verify_the_delete_code(StepDefinition.java:230)
	at ✽.User should verify the delete code(file:///C:/Users/VDI022/eclipse-workspace/RestAPI/src/test/resources/feature/GitHub.feature:99)
</failure>
    <system-out>401
</system-out>
  </testcase>
  <testcase classname="Verifying the git data page" name="Verify the delete details" time="0.326">
    <failure message="expected:&lt;401&gt; but was:&lt;404&gt;" type="java.lang.AssertionError">java.lang.AssertionError: expected:&lt;401&gt; but was:&lt;404&gt;
	at org.junit.Assert.fail(Assert.java:89)
	at org.junit.Assert.failNotEquals(Assert.java:835)
	at org.junit.Assert.assertEquals(Assert.java:647)
	at org.junit.Assert.assertEquals(Assert.java:633)
	at org.stepDefinition.StepDefinition.user_should_verify_the_responce_of_deleted(StepDefinition.java:249)
	at ✽.User should verify the responce of deleted(file:///C:/Users/VDI022/eclipse-workspace/RestAPI/src/test/resources/feature/GitHub.feature:104)
</failure>
    <system-out>401
</system-out>
  </testcase>
</testsuite>